#
# There is insufficient memory for the Java Runtime Environment to continue.
# Native memory allocation (mmap) failed to map 100663296 bytes for G1 virtual space
# Possible reasons:
#   The system is out of physical RAM or swap space
#   The process is running with CompressedOops enabled, and the Java Heap may be blocking the growth of the native heap
# Possible solutions:
#   Reduce memory load on the system
#   Increase physical memory or swap space
#   Check if swap backing store is full
#   Decrease Java heap size (-Xmx/-Xms)
#   Decrease number of Java threads
#   Decrease Java thread stack sizes (-Xss)
#   Set larger code cache with -XX:ReservedCodeCacheSize=
#   JVM is running with Unscaled Compressed Oops mode in which the Java heap is
#     placed in the first 4GB address space. The Java Heap base address is the
#     maximum limit for the native heap growth. Please use -XX:HeapBaseMinAddress
#     to set the Java Heap base and to place the Java Heap above 4GB virtual address.
# This output file may be truncated or incomplete.
#
#  Out of Memory Error (os_windows.cpp:3466), pid=12996, tid=7836
#
# JRE version:  (16.0.2+7) (build )
# Java VM: Java HotSpot(TM) 64-Bit Server VM (16.0.2+7-67, mixed mode, sharing, tiered, compressed oops, compressed class ptrs, g1 gc, windows-amd64)
# No core dump will be written. Minidumps are not enabled by default on client versions of Windows
#

---------------  S U M M A R Y ------------

Command Line: -XX:TieredStopAtLevel=1 -Xverify:none -Dspring.output.ansi.enabled=always -javaagent:C:\Program Files\JetBrains\IntelliJ IDEA 2021.1.3\lib\idea_rt.jar=64841:C:\Program Files\JetBrains\IntelliJ IDEA 2021.1.3\bin -Dcom.sun.management.jmxremote -Dspring.jmx.enabled=true -Dspring.liveBeansView.mbeanDomain -Dspring.application.admin.enabled=true -Dfile.encoding=UTF-8 com.example.guestbook.GuestBookApplication

Host: AMD Ryzen 5 2400G with Radeon Vega Graphics    , 8 cores, 5G,  Windows 10 , 64 bit Build 19041 (10.0.19041.1023)
Time: Fri Jul 30 09:27:04 2021 Pacific Daylight Time elapsed time: 2.624697 seconds (0d 0h 0m 2s)

---------------  T H R E A D  ---------------

Current thread (0x000001f04284bee0):  JavaThread "Unknown thread" [_thread_in_vm, id=7836, stack(0x000000b8c5e00000,0x000000b8c5f00000)]

Stack: [0x000000b8c5e00000,0x000000b8c5f00000]
Native frames: (J=compiled Java code, j=interpreted, Vv=VM code, C=native code)
V  [jvm.dll+0x6681ca]
V  [jvm.dll+0x7c9e69]
V  [jvm.dll+0x7cb61e]
V  [jvm.dll+0x7cbc73]
V  [jvm.dll+0x242c55]
V  [jvm.dll+0x664f89]
V  [jvm.dll+0x659b75]
V  [jvm.dll+0x2fbfbb]
V  [jvm.dll+0x3031b6]
V  [jvm.dll+0x35299e]
V  [jvm.dll+0x352bcf]
V  [jvm.dll+0x2d3028]
V  [jvm.dll+0x2d4264]
V  [jvm.dll+0x79c741]
V  [jvm.dll+0x360791]
V  [jvm.dll+0x77a3f0]
V  [jvm.dll+0x3e4e8f]
V  [jvm.dll+0x3e6961]
C  [jli.dll+0x52fb]
C  [ucrtbase.dll+0x21bb2]
C  [KERNEL32.DLL+0x17034]
C  [ntdll.dll+0x52651]


---------------  P R O C E S S  ---------------

Threads class SMR info:
_java_thread_list=0x00007ffe6bfbcbb8, length=0, elements={
}

Java Threads: ( => current thread )

Other Threads:
  0x000001f04287f380 GCTaskThread "GC Thread#0" [stack: 0x000000b8c5f00000,0x000000b8c6000000] [id=9152]
  0x000001f04288bdb0 ConcurrentGCThread "G1 Main Marker" [stack: 0x000000b8c6000000,0x000000b8c6100000] [id=14008]
  0x000001f04288ced0 ConcurrentGCThread "G1 Conc#0" [stack: 0x000000b8c6100000,0x000000b8c6200000] [id=9352]

[error occurred during error reporting (printing all threads), id 0xc0000005, EXCEPTION_ACCESS_VIOLATION (0xc0000005) at pc=0x00007ffe6b793ee7]

VM state: not at safepoint (not fully initialized)

VM Mutex/Monitor currently owned by a thread:  ([mutex/lock_event])
[0x000001f042848cf0] Heap_lock - owner thread: 0x000001f04284bee0

Heap address: 0x00000000a1600000, size: 1514 MB, Compressed Oops mode: 32-bit

CDS archive(s) mapped at: [0x0000000000000000-0x0000000000000000-0x0000000000000000), size 0, SharedBaseAddress: 0x0000000800000000, ArchiveRelocationMode: 0.
Narrow klass base: 0x0000000000000000, Narrow klass shift: 0, Narrow klass range: 0x0

GC Precious Log:
<Empty>

Heap:
 garbage-first heap   total 0K, used 0K [0x00000000a1600000, 0x0000000100000000)
  region size 1024K, 0 young (0K), 0 survivors (0K)

[error occurred during error reporting (printing heap information), id 0xc0000005, EXCEPTION_ACCESS_VIOLATION (0xc0000005) at pc=0x00007ffe6bb71eed]

GC Heap History (0 events):
No events

Deoptimization events (0 events):
No events

Classes unloaded (0 events):
No events

Classes redefined (0 events):
No events

Internal exceptions (0 events):
No events

Events (1 events):
Event: 0.265 Loaded shared library C:\Program Files\Java\jdk-16.0.2\bin\java.dll


Dynamic libraries:
0x00007ff786a40000 - 0x00007ff786a50000 	C:\Program Files\Java\jdk-16.0.2\bin\java.exe
0x00007ffecdfd0000 - 0x00007ffece1c5000 	C:\WINDOWS\SYSTEM32\ntdll.dll
0x00007ffecc760000 - 0x00007ffecc81d000 	C:\WINDOWS\System32\KERNEL32.DLL
0x00007ffecb870000 - 0x00007ffecbb39000 	C:\WINDOWS\System32\KERNELBASE.dll
0x00007ffecbe90000 - 0x00007ffecbf90000 	C:\WINDOWS\System32\ucrtbase.dll
0x00007ffeb3df0000 - 0x00007ffeb3e08000 	C:\Program Files\Java\jdk-16.0.2\bin\jli.dll
0x00007ffeb3dd0000 - 0x00007ffeb3de9000 	C:\Program Files\Java\jdk-16.0.2\bin\VCRUNTIME140.dll
0x00007ffecc3d0000 - 0x00007ffecc47c000 	C:\WINDOWS\System32\ADVAPI32.dll
0x00007ffecd8a0000 - 0x00007ffecd93e000 	C:\WINDOWS\System32\msvcrt.dll
0x00007ffecc480000 - 0x00007ffecc51b000 	C:\WINDOWS\System32\sechost.dll
0x00007ffecc630000 - 0x00007ffecc75a000 	C:\WINDOWS\System32\RPCRT4.dll
0x00007ffea5cf0000 - 0x00007ffea5f8a000 	C:\WINDOWS\WinSxS\amd64_microsoft.windows.common-controls_6595b64144ccf1df_6.0.19041.1110_none_60b5254171f9507e\COMCTL32.dll
0x00007ffeccfc0000 - 0x00007ffecd160000 	C:\WINDOWS\System32\USER32.dll
0x00007ffecc830000 - 0x00007ffecc85a000 	C:\WINDOWS\System32\GDI32.dll
0x00007ffecb7b0000 - 0x00007ffecb7d2000 	C:\WINDOWS\System32\win32u.dll
0x00007ffecbca0000 - 0x00007ffecbdab000 	C:\WINDOWS\System32\gdi32full.dll
0x00007ffecb710000 - 0x00007ffecb7ad000 	C:\WINDOWS\System32\msvcp_win.dll
0x00007ffec64e0000 - 0x00007ffec64ea000 	C:\WINDOWS\SYSTEM32\VERSION.dll
0x00007ffecddb0000 - 0x00007ffecdde0000 	C:\WINDOWS\System32\IMM32.DLL
0x00007ffeb8590000 - 0x00007ffeb859c000 	C:\Program Files\Java\jdk-16.0.2\bin\vcruntime140_1.dll
0x00007ffeb3d30000 - 0x00007ffeb3dc1000 	C:\Program Files\Java\jdk-16.0.2\bin\msvcp140.dll
0x00007ffe6b4b0000 - 0x00007ffe6c05b000 	C:\Program Files\Java\jdk-16.0.2\bin\server\jvm.dll
0x00007ffecc940000 - 0x00007ffecc948000 	C:\WINDOWS\System32\PSAPI.DLL
0x00007ffec7190000 - 0x00007ffec7199000 	C:\WINDOWS\SYSTEM32\WSOCK32.dll
0x00007ffec0080000 - 0x00007ffec00a7000 	C:\WINDOWS\SYSTEM32\WINMM.dll
0x00007ffeccdc0000 - 0x00007ffecce2b000 	C:\WINDOWS\System32\WS2_32.dll
0x00007ffec9660000 - 0x00007ffec9672000 	C:\WINDOWS\SYSTEM32\kernel.appcore.dll
0x00007ffeb58c0000 - 0x00007ffeb58ca000 	C:\Program Files\Java\jdk-16.0.2\bin\jimage.dll
0x00007ffeb3030000 - 0x00007ffeb3214000 	C:\WINDOWS\SYSTEM32\DBGHELP.DLL
0x00007ffeb3000000 - 0x00007ffeb302c000 	C:\WINDOWS\SYSTEM32\dbgcore.DLL
0x00007ffecb7e0000 - 0x00007ffecb863000 	C:\WINDOWS\System32\bcryptPrimitives.dll
0x00007ffeb3cf0000 - 0x00007ffeb3cfe000 	C:\Program Files\Java\jdk-16.0.2\bin\instrument.dll
0x00007ffeb3d00000 - 0x00007ffeb3d25000 	C:\Program Files\Java\jdk-16.0.2\bin\java.dll

dbghelp: loaded successfully - version: 4.0.5 - missing functions: none
symbol engine: initialized successfully - sym options: 0x614 - pdb path: .;C:\Program Files\Java\jdk-16.0.2\bin;C:\WINDOWS\SYSTEM32;C:\WINDOWS\WinSxS\amd64_microsoft.windows.common-controls_6595b64144ccf1df_6.0.19041.1110_none_60b5254171f9507e;C:\Program Files\Java\jdk-16.0.2\bin\server

VM Arguments:
jvm_args: -XX:TieredStopAtLevel=1 -Xverify:none -Dspring.output.ansi.enabled=always -javaagent:C:\Program Files\JetBrains\IntelliJ IDEA 2021.1.3\lib\idea_rt.jar=64841:C:\Program Files\JetBrains\IntelliJ IDEA 2021.1.3\bin -Dcom.sun.management.jmxremote -Dspring.jmx.enabled=true -Dspring.liveBeansView.mbeanDomain -Dspring.application.admin.enabled=true -Dfile.encoding=UTF-8 
java_command: com.example.guestbook.GuestBookApplication
java_class_path (initial): C:\Users\808BOOMIN\IdeaProjects\GuestBook\target\classes;C:\Users\808BOOMIN\.m2\repository\org\springframework\boot\spring-boot-starter-thymeleaf\2.5.3\spring-boot-starter-thymeleaf-2.5.3.jar;C:\Users\808BOOMIN\.m2\repository\org\springframework\boot\spring-boot-starter\2.5.3\spring-boot-starter-2.5.3.jar;C:\Users\808BOOMIN\.m2\repository\org\springframework\boot\spring-boot-starter-logging\2.5.3\spring-boot-starter-logging-2.5.3.jar;C:\Users\808BOOMIN\.m2\repository\ch\qos\logback\logback-classic\1.2.4\logback-classic-1.2.4.jar;C:\Users\808BOOMIN\.m2\repository\ch\qos\logback\logback-core\1.2.4\logback-core-1.2.4.jar;C:\Users\808BOOMIN\.m2\repository\org\apache\logging\log4j\log4j-to-slf4j\2.14.1\log4j-to-slf4j-2.14.1.jar;C:\Users\808BOOMIN\.m2\repository\org\apache\logging\log4j\log4j-api\2.14.1\log4j-api-2.14.1.jar;C:\Users\808BOOMIN\.m2\repository\org\slf4j\jul-to-slf4j\1.7.32\jul-to-slf4j-1.7.32.jar;C:\Users\808BOOMIN\.m2\repository\jakarta\annotation\jakarta.annotation-api\1.3.5\jakarta.annotation-api-1.3.5.jar;C:\Users\808BOOMIN\.m2\repository\org\yaml\snakeyaml\1.28\snakeyaml-1.28.jar;C:\Users\808BOOMIN\.m2\repository\org\thymeleaf\thymeleaf-spring5\3.0.12.RELEASE\thymeleaf-spring5-3.0.12.RELEASE.jar;C:\Users\808BOOMIN\.m2\repository\org\thymeleaf\thymeleaf\3.0.12.RELEASE\thymeleaf-3.0.12.RELEASE.jar;C:\Users\808BOOMIN\.m2\repository\org\attoparser\attoparser\2.0.5.RELEASE\attoparser-2.0.5.RELEASE.jar;C:\Users\808BOOMIN\.m2\repository\org\unbescape\unbescape\1.1.6.RELEASE\unbescape-1.1.6.RELEASE.jar;C:\Users\808BOOMIN\.m2\repository\org\slf4j\slf4j-api\1.7.32\slf4j-api-1.7.32.jar;C:\Users\808BOOMIN\.m2\repository\org\thymeleaf\extras\thymeleaf-extras-java8time\3.0.4.RELEASE\thymeleaf-extras-java8time-3.0.4.RELEASE.jar;C:\Users\808BOOMIN\.m2\repository\org\springframework\boot\spring-boot-starter-web\2.5.3\spring-boot-starter-web-2.5.3.jar;C:\Users\808BOOMIN\.m2\repository\org\springframework\boot\spring-boot-starter-json\2.5.3\sp
Launcher Type: SUN_STANDARD

[Global flags]
     intx CICompilerCount                          = 4                                         {product} {ergonomic}
     uint ConcGCThreads                            = 2                                         {product} {ergonomic}
     uint G1ConcRefinementThreads                  = 8                                         {product} {ergonomic}
   size_t G1HeapRegionSize                         = 1048576                                   {product} {ergonomic}
    uintx GCDrainStackTargetSize                   = 64                                        {product} {ergonomic}
   size_t InitialHeapSize                          = 100663296                                 {product} {ergonomic}
     bool ManagementServer                         = true                                      {product} {command line}
   size_t MarkStackSize                            = 4194304                                   {product} {ergonomic}
   size_t MaxHeapSize                              = 1587544064                                {product} {ergonomic}
   size_t MinHeapDeltaBytes                        = 1048576                                   {product} {ergonomic}
   size_t MinHeapSize                              = 8388608                                   {product} {ergonomic}
    uintx NonNMethodCodeHeapSize                   = 7549744                                {pd product} {ergonomic}
    uintx NonProfiledCodeHeapSize                  = 244108496                              {pd product} {ergonomic}
    uintx ProfiledCodeHeapSize                     = 0                                      {pd product} {ergonomic}
    uintx ReservedCodeCacheSize                    = 251658240                              {pd product} {ergonomic}
     bool SegmentedCodeCache                       = true                                      {product} {ergonomic}
   size_t SoftMaxHeapSize                          = 1587544064                             {manageable} {ergonomic}
     intx TieredStopAtLevel                        = 1                                         {product} {command line}
     bool UseCompressedClassPointers               = true                           {product lp64_product} {ergonomic}
     bool UseCompressedOops                        = true                           {product lp64_product} {ergonomic}
     bool UseG1GC                                  = true                                      {product} {ergonomic}
     bool UseLargePagesIndividualAllocation        = false                                  {pd product} {ergonomic}

Logging:
Log output configuration:
 #0: stdout all=warning uptime,level,tags
 #1: stderr all=off uptime,level,tags

Environment Variables:
PATH=C:\Program Files\Common Files\Oracle\Java\javapath;C:\Program Files\AdoptOpenJDK\jdk-11.0.11.9-hotspot\bin;C:\WINDOWS\system32;C:\WINDOWS;C:\WINDOWS\System32\Wbem;C:\WINDOWS\System32\WindowsPowerShell\v1.0\;C:\WINDOWS\System32\OpenSSH\;C:\Users\808BOOMIN\AppData\Local\Microsoft\WindowsApps;;C:\Users\808BOOMIN\AppData\Local\Programs\Microsoft VS Code\bin
USERNAME=808BOOMIN
OS=Windows_NT
PROCESSOR_IDENTIFIER=AMD64 Family 23 Model 17 Stepping 0, AuthenticAMD



---------------  S Y S T E M  ---------------

OS:
 Windows 10 , 64 bit Build 19041 (10.0.19041.1023)
OS uptime: 0 days 0:30 hours

CPU: total 8 (initial active 8) (8 cores per cpu, 2 threads per core) family 23 model 17 stepping 0 microcode 0x0, cx8, cmov, fxsr, ht, mmx, 3dnowpref, sse, sse2, sse3, ssse3, sse4a, sse4.1, sse4.2, popcnt, lzcnt, tsc, tscinvbit, avx, avx2, aes, clmul, bmi1, bmi2, adx, sha, fma, vzeroupper, clflush, clflushopt

Memory: 4k page, system-wide physical 6052M (795M free)
TotalPageFile size 7012M (AvailPageFile size 16M)
current process WorkingSet (physical memory assigned to process): 10M, peak: 10M
current process commit charge ("private bytes"): 57M, peak: 153M

vm_info: Java HotSpot(TM) 64-Bit Server VM (16.0.2+7-67) for windows-amd64 JRE (16.0.2+7-67), built on Jun  8 2021 23:24:19 by "mach5one" with MS VC++ 16.7 (VS2019)

END.
